<?xml version="1.0" encoding="UTF-8"?>
<!-- Generated by org.testng.reporters.JUnitReportReporter -->
<testsuite hostname="Santosh" failures="0" tests="2" name="com.contactTet.org.ContactOrg" time="0.018" errors="0" timestamp="2021-10-19T17:50:52 IST" skipped="0">
  <testcase classname="com.contactTet.org.ContactOrg" name="createCust" time="0.015"/>
  <system-out/>
  <testcase classname="com.contactTet.org.ContactOrg" name="editCust" time="0.003"/>
  <system-out/>
</testsuite> <!-- com.contactTet.org.ContactOrg -->
