<?xml version="1.0" encoding="UTF-8"?>
<!-- Generated by org.testng.reporters.JUnitReportReporter -->
<testsuite hostname="Santosh" failures="0" tests="2" name="com.crm.org.ContactTest" time="0.014" errors="0" timestamp="2021-10-19T17:47:15 IST" skipped="0">
  <testcase classname="com.crm.org.ContactTest" name="test" time="0.012"/>
  <system-out/>
  <testcase classname="com.crm.org.ContactTest" name="test2" time="0.002"/>
  <system-out/>
</testsuite> <!-- com.crm.org.ContactTest -->
